2025-09-23 00:19:37,070 INFO Harvest: НОТИМ — https://notim.ru/
2025-09-23 00:20:18,326 INFO   -> 13 items
2025-09-23 00:20:18,326 INFO Skip disabled source: Минстрой России — https://minstroyrf.gov.ru/press/?d=news?per-page=24
2025-09-23 00:20:18,327 INFO Harvest: АРД: статьи — https://ardexpert.ru/article
2025-09-23 00:20:48,497 INFO   -> 15 items
2025-09-23 00:20:48,498 WARNING Skip due to active cooldown until 2025-09-23T05:31:49.014280+00:00: Гостинформ — https://www.gostinfo.ru/News/List
2025-09-23 00:20:48,498 INFO   -> 0 items
2025-09-23 00:20:48,498 INFO Harvest API: ФАУ ФЦС — https://api.faufcc.ru/api/publications?type=news&page=1&limit=50
2025-09-23 00:22:12,326 INFO   -> 50 items
2025-09-23 00:22:12,327 INFO Skip disabled source: АНЦБ — http://ancb.ru/publication
2025-09-23 00:22:12,327 INFO Harvest: ЕЭК ЕАЭС — https://eec.eaeunion.org/news/
2025-09-23 00:22:54,860 INFO   -> 18 items
2025-09-23 00:22:54,861 WARNING Skip due to active cooldown until 2025-09-23T05:34:44.412918+00:00 (using cached index): Минфин России — https://minfin.gov.ru/ru/press-center/
2025-09-23 00:22:54,862 INFO Harvest: Минфин России — https://minfin.gov.ru/ru/press-center/
2025-09-23 00:22:55,473 INFO   -> 8 items
2025-09-23 00:22:55,473 WARNING Skip due to active cooldown until 2025-09-23T06:07:56.960827+00:00 (using cached index): Интерфакс-Недвижимость — https://www.interfax-russia.ru/realty/news?per-page=32
2025-09-23 00:22:55,474 INFO Harvest: Интерфакс-Недвижимость — https://www.interfax-russia.ru/realty/news?per-page=32
2025-09-23 00:23:00,574 INFO   -> 40 items
2025-09-23 00:23:00,575 INFO Harvest: Металлоснабжение и сбыт — https://www.metalinfo.ru/ru/news
2025-09-23 00:25:36,552 INFO   -> 20 items
2025-09-23 00:25:36,553 INFO Harvest: Парламентская газета: Экономика — https://www.pnp.ru/economics/
2025-09-23 00:27:53,584 INFO   -> 18 items
2025-09-23 00:27:53,585 INFO Harvest: ЕРЗ.РФ — https://erzrf.ru/news/
2025-09-23 00:28:50,863 INFO   -> 20 items
2025-09-23 00:28:50,863 WARNING Skip due to active cooldown until 2025-09-23T05:43:25.441795+00:00: РИА СТК — https://ria-stk.ru/news/vse-novosti.php
2025-09-23 00:28:50,863 INFO   -> 0 items
2025-09-23 00:28:50,863 INFO Harvest: Правительство РФ — http://government.ru/news/
2025-09-23 00:29:57,534 INFO   -> 21 items
2025-09-23 00:29:57,534 INFO Harvest: Стройгаз.ру — https://stroygaz.ru/news/
2025-09-23 00:30:51,377 INFO   -> 20 items
2025-09-23 00:30:51,378 INFO Harvest: РИА Недвижимость: лента — https://realty.ria.ru/lenta/
2025-09-23 00:31:36,352 INFO   -> 20 items
2025-09-23 00:31:36,352 INFO Harvest: Российская газета: Экономика — https://rg.ru/tema/ekonomika
2025-09-23 00:32:43,798 INFO   -> 35 items
2025-09-23 00:32:43,798 INFO Skip disabled source: Главгосэкспертиза — https://gge.ru/press-center/news/
2025-09-23 00:32:43,816 INFO Saved feed to /workspace/news_feed/docs/unified.json (258 items)
